21/03/2023:21:10:37 428 [SciCal.java] [INFO] SciCal [NATURAL_LOG] - 0.0
21/03/2023:21:10:37 459 [SciCal.java] [INFO] SciCal [RESULT - NATURAL_LOG] - -Infinity
21/03/2023:21:10:37 476 [SciCal.java] [INFO] SciCal [NATURAL_LOG] - -2.0
21/03/2023:21:10:37 479 [SciCal.java] [INFO] SciCal [RESULT - NATURAL_LOG] - NaN
21/03/2023:21:10:37 484 [SciCal.java] [INFO] SciCal [NATURAL_LOG] - 2.0
21/03/2023:21:10:37 490 [SciCal.java] [INFO] SciCal [RESULT - NATURAL_LOG] - 0.6931471805599453
21/03/2023:21:10:37 548 [SciCal.java] [INFO] SciCal [SQUARE_ROOT] - -2.0
21/03/2023:21:10:37 558 [SciCal.java] [INFO] SciCal [RESULT - SQUARE_ROOT] - -1.0
21/03/2023:21:10:37 572 [SciCal.java] [INFO] SciCal [SQUARE_ROOT] - 4.0
21/03/2023:21:10:37 577 [SciCal.java] [INFO] SciCal [RESULT - SQUARE_ROOT] - 2.0
21/03/2023:21:10:37 630 [SciCal.java] [INFO] SciCal [POWER] - 2.0^2.0
21/03/2023:21:10:37 633 [SciCal.java] [INFO] SciCal [RESULT - POWER] - 4.0
21/03/2023:21:10:37 637 [SciCal.java] [INFO] SciCal [POWER] - 2.0^-2.0
21/03/2023:21:10:37 638 [SciCal.java] [INFO] SciCal [RESULT - POWER] - 0.25
21/03/2023:21:10:37 660 [SciCal.java] [INFO] SciCal [FACTORIAL] - 0
21/03/2023:21:10:37 663 [SciCal.java] [INFO] SciCal [RESULT - FACTORIAL] - 1
21/03/2023:21:10:37 667 [SciCal.java] [INFO] SciCal [FACTORIAL] - -2
21/03/2023:21:10:37 671 [SciCal.java] [INFO] SciCal [RESULT - FACTORIAL] - -1
21/03/2023:21:10:37 675 [SciCal.java] [INFO] SciCal [FACTORIAL] - 4
21/03/2023:21:10:37 677 [SciCal.java] [INFO] SciCal [RESULT - FACTORIAL] - 24
21/03/2023:21:10:59 645 [SciCal.java] [INFO] SciCal [POWER] - 2.0^3.0
21/03/2023:21:10:59 656 [SciCal.java] [INFO] SciCal [RESULT - POWER] - 8.0
21/03/2023:21:11:15 956 [SciCal.java] [INFO] SciCal [SQUARE_ROOT] - 3.0
21/03/2023:21:11:15 960 [SciCal.java] [INFO] SciCal [RESULT - SQUARE_ROOT] - 1.7320508075688772
